<?xml version="1.0" encoding="UTF-8"?>
<coverage generated="1688063837961" clover="3.2.0">
  <project timestamp="1688063837961" name="All files">
    <metrics statements="3" coveredstatements="2" conditionals="0" coveredconditionals="0" methods="3" coveredmethods="2" elements="6" coveredelements="4" complexity="0" loc="3" ncloc="3" packages="3" files="3" classes="3"/>
    <package name="fetch">
      <metrics statements="1" coveredstatements="0" conditionals="0" coveredconditionals="0" methods="1" coveredmethods="0"/>
      <file name="useFetch.js" path="C:\Users\sebas\Projects\sirhc\src\hooks\fetching\fetch\useFetch.js">
        <metrics statements="1" coveredstatements="0" conditionals="0" coveredconditionals="0" methods="1" coveredmethods="0"/>
        <line num="5" count="0" type="stmt"/>
      </file>
    </package>
    <package name="spots">
      <metrics statements="1" coveredstatements="1" conditionals="0" coveredconditionals="0" methods="1" coveredmethods="1"/>
      <file name="useSpots.js" path="C:\Users\sebas\Projects\sirhc\src\hooks\fetching\spots\useSpots.js">
        <metrics statements="1" coveredstatements="1" conditionals="0" coveredconditionals="0" methods="1" coveredmethods="1"/>
        <line num="4" count="15" type="stmt"/>
      </file>
    </package>
    <package name="trivia">
      <metrics statements="1" coveredstatements="1" conditionals="0" coveredconditionals="0" methods="1" coveredmethods="1"/>
      <file name="useTrivia.js" path="C:\Users\sebas\Projects\sirhc\src\hooks\fetching\trivia\useTrivia.js">
        <metrics statements="1" coveredstatements="1" conditionals="0" coveredconditionals="0" methods="1" coveredmethods="1"/>
        <line num="4" count="11" type="stmt"/>
      </file>
    </package>
  </project>
</coverage>
