{"/home/sebastian/Documents/Projects/sirhc/src/App.jsx": {"path":"/home/sebastian/Documents/Projects/sirhc/src/App.jsx","statementMap":{"0":{"start":{"line":5,"column":16},"end":{"line":5,"column":26}},"1":{"start":{"line":6,"column":2},"end":{"line":10,"column":3}}},"fnMap":{"0":{"name":"App","decl":{"start":{"line":4,"column":9},"end":{"line":4,"column":12}},"loc":{"start":{"line":4,"column":15},"end":{"line":11,"column":1}},"line":4}},"branchMap":{},"s":{"0":2,"1":2},"f":{"0":2},"b":{},"_coverageSchema":"1a1c01bbd47fc00a2c39e90264f33305004495a9","hash":"bd18e1d77d49db1777555bc2e751d248226d8e52"}
,"/home/sebastian/Documents/Projects/sirhc/src/editableSpot/EditableSpot.jsx": {"path":"/home/sebastian/Documents/Projects/sirhc/src/editableSpot/EditableSpot.jsx","statementMap":{"0":{"start":{"line":4,"column":28},"end":{"line":4,"column":49}},"1":{"start":{"line":7,"column":8},"end":{"line":10,"column":11}},"2":{"start":{"line":14,"column":8},"end":{"line":17,"column":10}},"3":{"start":{"line":20,"column":4},"end":{"line":29,"column":6}},"4":{"start":{"line":23,"column":92},"end":{"line":23,"column":113}},"5":{"start":{"line":26,"column":35},"end":{"line":26,"column":51}},"6":{"start":{"line":27,"column":35},"end":{"line":27,"column":56}}},"fnMap":{"0":{"name":"EditableSpot","decl":{"start":{"line":3,"column":16},"end":{"line":3,"column":28}},"loc":{"start":{"line":3,"column":71},"end":{"line":30,"column":1}},"line":3},"1":{"name":"handleNumberChange","decl":{"start":{"line":6,"column":13},"end":{"line":6,"column":31}},"loc":{"start":{"line":6,"column":34},"end":{"line":11,"column":5}},"line":6},"2":{"name":"handleAvailabilityChange","decl":{"start":{"line":13,"column":13},"end":{"line":13,"column":37}},"loc":{"start":{"line":13,"column":39},"end":{"line":18,"column":5}},"line":13},"3":{"name":"(anonymous_3)","decl":{"start":{"line":23,"column":87},"end":{"line":23,"column":88}},"loc":{"start":{"line":23,"column":92},"end":{"line":23,"column":113}},"line":23},"4":{"name":"(anonymous_4)","decl":{"start":{"line":26,"column":29},"end":{"line":26,"column":30}},"loc":{"start":{"line":26,"column":35},"end":{"line":26,"column":51}},"line":26},"5":{"name":"(anonymous_5)","decl":{"start":{"line":27,"column":29},"end":{"line":27,"column":30}},"loc":{"start":{"line":27,"column":35},"end":{"line":27,"column":56}},"line":27}},"branchMap":{},"s":{"0":43,"1":1,"2":1,"3":43,"4":1,"5":2,"6":2},"f":{"0":43,"1":1,"2":1,"3":1,"4":2,"5":2},"b":{},"_coverageSchema":"1a1c01bbd47fc00a2c39e90264f33305004495a9","hash":"b8097b8baba2f038b278ef6824cbce775405d2b9"}
,"/home/sebastian/Documents/Projects/sirhc/src/hooks/fetching/fetch/useFetch.js": {"path":"/home/sebastian/Documents/Projects/sirhc/src/hooks/fetching/fetch/useFetch.js","statementMap":{"0":{"start":{"line":5,"column":4},"end":{"line":5,"column":16}}},"fnMap":{"0":{"name":"useFetch","decl":{"start":{"line":4,"column":16},"end":{"line":4,"column":24}},"loc":{"start":{"line":4,"column":30},"end":{"line":6,"column":1}},"line":4}},"branchMap":{},"s":{"0":1},"f":{"0":1},"b":{},"_coverageSchema":"1a1c01bbd47fc00a2c39e90264f33305004495a9","hash":"0ccfc01d870bb19a9712b72d1eb80ce7085c5421"}
,"/home/sebastian/Documents/Projects/sirhc/src/hooks/fetching/spots/useSpots.js": {"path":"/home/sebastian/Documents/Projects/sirhc/src/hooks/fetching/spots/useSpots.js","statementMap":{"0":{"start":{"line":5,"column":30},"end":{"line":5,"column":42}},"1":{"start":{"line":6,"column":23},"end":{"line":6,"column":96}},"2":{"start":{"line":6,"column":38},"end":{"line":6,"column":96}},"3":{"start":{"line":7,"column":23},"end":{"line":7,"column":87}},"4":{"start":{"line":7,"column":33},"end":{"line":7,"column":87}},"5":{"start":{"line":8,"column":20},"end":{"line":8,"column":84}},"6":{"start":{"line":8,"column":31},"end":{"line":8,"column":84}},"7":{"start":{"line":9,"column":4},"end":{"line":17,"column":11}},"8":{"start":{"line":10,"column":25},"end":{"line":15,"column":16}},"9":{"start":{"line":11,"column":33},"end":{"line":11,"column":69}},"10":{"start":{"line":12,"column":12},"end":{"line":14,"column":13}},"11":{"start":{"line":13,"column":16},"end":{"line":13,"column":45}},"12":{"start":{"line":13,"column":31},"end":{"line":13,"column":43}},"13":{"start":{"line":16,"column":8},"end":{"line":16,"column":45}},"14":{"start":{"line":16,"column":21},"end":{"line":16,"column":44}},"15":{"start":{"line":18,"column":4},"end":{"line":18,"column":94}}},"fnMap":{"0":{"name":"useSpots","decl":{"start":{"line":4,"column":16},"end":{"line":4,"column":24}},"loc":{"start":{"line":4,"column":27},"end":{"line":19,"column":1}},"line":4},"1":{"name":"(anonymous_1)","decl":{"start":{"line":6,"column":23},"end":{"line":6,"column":24}},"loc":{"start":{"line":6,"column":38},"end":{"line":6,"column":96}},"line":6},"2":{"name":"(anonymous_2)","decl":{"start":{"line":7,"column":23},"end":{"line":7,"column":24}},"loc":{"start":{"line":7,"column":33},"end":{"line":7,"column":87}},"line":7},"3":{"name":"(anonymous_3)","decl":{"start":{"line":8,"column":20},"end":{"line":8,"column":21}},"loc":{"start":{"line":8,"column":31},"end":{"line":8,"column":84}},"line":8},"4":{"name":"(anonymous_4)","decl":{"start":{"line":9,"column":14},"end":{"line":9,"column":15}},"loc":{"start":{"line":9,"column":20},"end":{"line":17,"column":5}},"line":9},"5":{"name":"(anonymous_5)","decl":{"start":{"line":10,"column":37},"end":{"line":10,"column":38}},"loc":{"start":{"line":10,"column":43},"end":{"line":15,"column":9}},"line":10},"6":{"name":"(anonymous_6)","decl":{"start":{"line":13,"column":25},"end":{"line":13,"column":26}},"loc":{"start":{"line":13,"column":31},"end":{"line":13,"column":43}},"line":13},"7":{"name":"(anonymous_7)","decl":{"start":{"line":16,"column":15},"end":{"line":16,"column":16}},"loc":{"start":{"line":16,"column":21},"end":{"line":16,"column":44}},"line":16}},"branchMap":{"0":{"loc":{"start":{"line":12,"column":12},"end":{"line":14,"column":13}},"type":"if","locations":[{"start":{"line":12,"column":12},"end":{"line":14,"column":13}},{"start":{},"end":{}}],"line":12},"1":{"loc":{"start":{"line":12,"column":16},"end":{"line":12,"column":64}},"type":"binary-expr","locations":[{"start":{"line":12,"column":16},"end":{"line":12,"column":28}},{"start":{"line":12,"column":32},"end":{"line":12,"column":64}}],"line":12}},"s":{"0":15,"1":15,"2":1,"3":15,"4":1,"5":15,"6":1,"7":15,"8":11,"9":5,"10":5,"11":4,"12":4,"13":11,"14":11,"15":15},"f":{"0":15,"1":1,"2":1,"3":1,"4":11,"5":5,"6":4,"7":11},"b":{"0":[4,1],"1":[5,5]},"_coverageSchema":"1a1c01bbd47fc00a2c39e90264f33305004495a9","hash":"eda608c7c7c4f834cbbcfa0507bf1a3192ae6f7e"}
,"/home/sebastian/Documents/Projects/sirhc/src/spots/Spots.jsx": {"path":"/home/sebastian/Documents/Projects/sirhc/src/spots/Spots.jsx","statementMap":{"0":{"start":{"line":2,"column":27},"end":{"line":2,"column":100}},"1":{"start":{"line":2,"column":80},"end":{"line":2,"column":94}},"2":{"start":{"line":3,"column":4},"end":{"line":8,"column":5}},"3":{"start":{"line":6,"column":65},"end":{"line":6,"column":101}}},"fnMap":{"0":{"name":"Spots","decl":{"start":{"line":1,"column":16},"end":{"line":1,"column":21}},"loc":{"start":{"line":1,"column":33},"end":{"line":9,"column":1}},"line":1},"1":{"name":"(anonymous_1)","decl":{"start":{"line":2,"column":72},"end":{"line":2,"column":73}},"loc":{"start":{"line":2,"column":80},"end":{"line":2,"column":94}},"line":2},"2":{"name":"(anonymous_2)","decl":{"start":{"line":6,"column":57},"end":{"line":6,"column":58}},"loc":{"start":{"line":6,"column":65},"end":{"line":6,"column":101}},"line":6}},"branchMap":{"0":{"loc":{"start":{"line":2,"column":27},"end":{"line":2,"column":100}},"type":"cond-expr","locations":[{"start":{"line":2,"column":59},"end":{"line":2,"column":95}},{"start":{"line":2,"column":98},"end":{"line":2,"column":100}}],"line":2},"1":{"loc":{"start":{"line":2,"column":27},"end":{"line":2,"column":56}},"type":"binary-expr","locations":[{"start":{"line":2,"column":27},"end":{"line":2,"column":32}},{"start":{"line":2,"column":36},"end":{"line":2,"column":56}}],"line":2},"2":{"loc":{"start":{"line":6,"column":13},"end":{"line":6,"column":119}},"type":"cond-expr","locations":[{"start":{"line":6,"column":38},"end":{"line":6,"column":102}},{"start":{"line":6,"column":105},"end":{"line":6,"column":119}}],"line":6}},"s":{"0":8,"1":12,"2":8,"3":7},"f":{"0":8,"1":12,"2":7},"b":{"0":[5,3],"1":[8,5],"2":[3,5]},"_coverageSchema":"1a1c01bbd47fc00a2c39e90264f33305004495a9","hash":"9cc0b044f588d359cf60def2c6f5f3cbb8e002cd"}
,"/home/sebastian/Documents/Projects/sirhc/src/spotsEditor/SpotsEditor.jsx": {"path":"/home/sebastian/Documents/Projects/sirhc/src/spotsEditor/SpotsEditor.jsx","statementMap":{"0":{"start":{"line":7,"column":53},"end":{"line":7,"column":63}},"1":{"start":{"line":10,"column":8},"end":{"line":10,"column":34}},"2":{"start":{"line":13,"column":19},"end":{"line":13,"column":49}},"3":{"start":{"line":14,"column":8},"end":{"line":14,"column":67}},"4":{"start":{"line":17,"column":4},"end":{"line":33,"column":6}},"5":{"start":{"line":23,"column":39},"end":{"line":23,"column":149}},"6":{"start":{"line":29,"column":70},"end":{"line":29,"column":102}}},"fnMap":{"0":{"name":"SpotsEditor","decl":{"start":{"line":5,"column":16},"end":{"line":5,"column":27}},"loc":{"start":{"line":5,"column":30},"end":{"line":34,"column":1}},"line":5},"1":{"name":"handleAdd","decl":{"start":{"line":12,"column":13},"end":{"line":12,"column":22}},"loc":{"start":{"line":12,"column":24},"end":{"line":15,"column":5}},"line":12},"2":{"name":"(anonymous_2)","decl":{"start":{"line":23,"column":31},"end":{"line":23,"column":32}},"loc":{"start":{"line":23,"column":39},"end":{"line":23,"column":149}},"line":23},"3":{"name":"(anonymous_3)","decl":{"start":{"line":29,"column":65},"end":{"line":29,"column":66}},"loc":{"start":{"line":29,"column":70},"end":{"line":29,"column":102}},"line":29}},"branchMap":{"0":{"loc":{"start":{"line":21,"column":13},"end":{"line":25,"column":32}},"type":"cond-expr","locations":[{"start":{"line":22,"column":16},"end":{"line":24,"column":21}},{"start":{"line":25,"column":18},"end":{"line":25,"column":32}}],"line":21}},"s":{"0":16,"1":16,"2":2,"3":2,"4":16,"5":35,"6":1},"f":{"0":16,"1":2,"2":35,"3":1},"b":{"0":[7,9]},"_coverageSchema":"1a1c01bbd47fc00a2c39e90264f33305004495a9","hash":"6de50000bb6ae0219b6e228583ee629f49e45331"}
,"/home/sebastian/Documents/Projects/sirhc/src/trivia/Trivia.jsx": {"path":"/home/sebastian/Documents/Projects/sirhc/src/trivia/Trivia.jsx","statementMap":{"0":{"start":{"line":2,"column":4},"end":{"line":4,"column":6}}},"fnMap":{"0":{"name":"Trivia","decl":{"start":{"line":1,"column":16},"end":{"line":1,"column":22}},"loc":{"start":{"line":1,"column":24},"end":{"line":5,"column":1}},"line":1}},"branchMap":{},"s":{"0":1},"f":{"0":1},"b":{},"_coverageSchema":"1a1c01bbd47fc00a2c39e90264f33305004495a9","hash":"d92a64e74b4433a6ae89ede469bca072683e1e76"}
}
