TN:
SF:src\App.jsx
FN:5,App
FNF:1
FNH:1
FNDA:1,App
DA:3,1
DA:6,1
LF:2
LH:2
BRF:0
BRH:0
end_of_record
TN:
SF:src\api\spots\fetching\fetchSpots.js
FN:3,fetchSpots
FNF:1
FNH:1
FNDA:1,fetchSpots
DA:4,1
DA:5,1
DA:6,1
DA:7,1
LF:4
LH:4
BRF:0
BRH:0
end_of_record
TN:
SF:src\api\trivia\fetching\fetchTrivia.js
FN:3,fetchTrivia
FNF:1
FNH:1
FNDA:1,fetchTrivia
DA:4,1
DA:5,1
DA:6,1
DA:7,1
LF:4
LH:4
BRF:0
BRH:0
end_of_record
TN:
SF:src\api\url\url.js
FNF:0
FNH:0
DA:1,2
LF:1
LH:1
BRF:0
BRH:0
end_of_record
TN:
SF:src\trivia\Trivia.jsx
FN:1,Trivia
FNF:1
FNH:1
FNDA:1,Trivia
DA:2,1
LF:1
LH:1
BRF:0
BRH:0
end_of_record
